#
# There is insufficient memory for the Java Runtime Environment to continue.
# Native memory allocation (malloc) failed to allocate 1223536 bytes for Chunk::new
# Possible reasons:
#   The system is out of physical RAM or swap space
#   The process is running with CompressedOops enabled, and the Java Heap may be blocking the growth of the native heap
# Possible solutions:
#   Reduce memory load on the system
#   Increase physical memory or swap space
#   Check if swap backing store is full
#   Decrease Java heap size (-Xmx/-Xms)
#   Decrease number of Java threads
#   Decrease Java thread stack sizes (-Xss)
#   Set larger code cache with -XX:ReservedCodeCacheSize=
#   JVM is running with Unscaled Compressed Oops mode in which the Java heap is
#     placed in the first 4GB address space. The Java Heap base address is the
#     maximum limit for the native heap growth. Please use -XX:HeapBaseMinAddress
#     to set the Java Heap base and to place the Java Heap above 4GB virtual address.
# This output file may be truncated or incomplete.
#
#  Out of Memory Error (./src/hotspot/share/memory/arena.cpp:197), pid=4340, tid=10652
#
# JRE version: OpenJDK Runtime Environment AdoptOpenJDK-11.0.11+9 (11.0.11+9) (build 11.0.11+9)
# Java VM: OpenJDK 64-Bit Server VM AdoptOpenJDK-11.0.11+9 (11.0.11+9, mixed mode, tiered, compressed oops, g1 gc, windows-amd64)
# No core dump will be written. Minidumps are not enabled by default on client versions of Windows
#

---------------  S U M M A R Y ------------

Command Line: --add-opens=java.base/java.util=ALL-UNNAMED --add-opens=java.base/java.lang=ALL-UNNAMED --add-opens=java.base/java.lang.invoke=ALL-UNNAMED --add-opens=java.prefs/java.util.prefs=ALL-UNNAMED -XX:MaxMetaspaceSize=256m -XX:+HeapDumpOnOutOfMemoryError -Xms256m -Xmx512m -Dfile.encoding=x-windows-949 -Duser.country=KR -Duser.language=ko -Duser.variant org.gradle.launcher.daemon.bootstrap.GradleDaemon 6.9

Host: Intel(R) Core(TM) i7-7700HQ CPU @ 2.80GHz, 8 cores, 15G,  Windows 10 , 64 bit Build 19041 (10.0.19041.928)
Time: Sun Jun  6 17:27:08 2021 대한민국 표준시 elapsed time: 6.734899 seconds (0d 0h 0m 6s)

---------------  T H R E A D  ---------------

Current thread (0x0000014c799a4800):  JavaThread "C2 CompilerThread2" daemon [_thread_in_native, id=10652, stack(0x000000090f200000,0x000000090f300000)]


Current CompileTask:
C2:   6734 2531  s!   4       jdk.internal.loader.URLClassPath::getLoader (194 bytes)

Stack: [0x000000090f200000,0x000000090f300000]
Native frames: (J=compiled Java code, j=interpreted, Vv=VM code, C=native code)
V  [jvm.dll+0x5f7e5a]
V  [jvm.dll+0x77ff2e]
V  [jvm.dll+0x7815ff]
V  [jvm.dll+0x781cc3]
V  [jvm.dll+0x247408]
V  [jvm.dll+0xbe69c]
V  [jvm.dll+0xbed9c]
V  [jvm.dll+0x34cb02]
V  [jvm.dll+0x31a653]
V  [jvm.dll+0x31998a]
V  [jvm.dll+0x200d85]
V  [jvm.dll+0x1fff6f]
V  [jvm.dll+0x184f1c]
V  [jvm.dll+0x20f3e7]
V  [jvm.dll+0x20d5cb]
V  [jvm.dll+0x7442f9]
V  [jvm.dll+0x73d364]
V  [jvm.dll+0x5f6cd6]
C  [ucrtbase.dll+0x21bb2]
C  [KERNEL32.DLL+0x17034]
C  [ntdll.dll+0x52651]


---------------  P R O C E S S  ---------------

Threads class SMR info:
_java_thread_list=0x0000014c7a2e4bc0, length=31, elements={
0x0000014c6902b800, 0x0000014c75f18800, 0x0000014c75f09000, 0x0000014c75f2c800,
0x0000014c75f2d800, 0x0000014c7680c800, 0x0000014c7680f000, 0x0000014c76814800,
0x0000014c7681d800, 0x0000014c76980800, 0x0000014c77947800, 0x0000014c79041800,
0x0000014c776b7800, 0x0000014c79df7800, 0x0000014c7986b800, 0x0000014c788fb000,
0x0000014c786ac000, 0x0000014c791a8800, 0x0000014c78303000, 0x0000014c78011800,
0x0000014c7800d800, 0x0000014c7800e800, 0x0000014c7800f800, 0x0000014c7949b000,
0x0000014c78010000, 0x0000014c78011000, 0x0000014c7800c000, 0x0000014c78012800,
0x0000014c799a4800, 0x0000014c7800d000, 0x0000014c788ac800
}

Java Threads: ( => current thread )
  0x0000014c6902b800 JavaThread "main" [_thread_blocked, id=8948, stack(0x000000090c700000,0x000000090c800000)]
  0x0000014c75f18800 JavaThread "Reference Handler" daemon [_thread_blocked, id=3256, stack(0x000000090ce00000,0x000000090cf00000)]
  0x0000014c75f09000 JavaThread "Finalizer" daemon [_thread_blocked, id=2136, stack(0x000000090cf00000,0x000000090d000000)]
  0x0000014c75f2c800 JavaThread "Signal Dispatcher" daemon [_thread_blocked, id=4872, stack(0x000000090d000000,0x000000090d100000)]
  0x0000014c75f2d800 JavaThread "Attach Listener" daemon [_thread_blocked, id=9928, stack(0x000000090d100000,0x000000090d200000)]
  0x0000014c7680c800 JavaThread "Service Thread" daemon [_thread_blocked, id=4036, stack(0x000000090d200000,0x000000090d300000)]
  0x0000014c7680f000 JavaThread "C2 CompilerThread0" daemon [_thread_blocked, id=1748, stack(0x000000090d300000,0x000000090d400000)]
  0x0000014c76814800 JavaThread "C1 CompilerThread0" daemon [_thread_blocked, id=7868, stack(0x000000090d400000,0x000000090d500000)]
  0x0000014c7681d800 JavaThread "Sweeper thread" daemon [_thread_blocked, id=6564, stack(0x000000090d500000,0x000000090d600000)]
  0x0000014c76980800 JavaThread "Common-Cleaner" daemon [_thread_blocked, id=2536, stack(0x000000090d600000,0x000000090d700000)]
  0x0000014c77947800 JavaThread "Daemon health stats" [_thread_blocked, id=2704, stack(0x000000090df00000,0x000000090e000000)]
  0x0000014c79041800 JavaThread "Incoming local TCP Connector on port 51331" [_thread_in_native, id=7796, stack(0x000000090de00000,0x000000090df00000)]
  0x0000014c776b7800 JavaThread "Daemon periodic checks" [_thread_blocked, id=8296, stack(0x000000090e000000,0x000000090e100000)]
  0x0000014c79df7800 JavaThread "Daemon" [_thread_blocked, id=10964, stack(0x000000090e100000,0x000000090e200000)]
  0x0000014c7986b800 JavaThread "Handler for socket connection from /127.0.0.1:51331 to /127.0.0.1:51332" [_thread_in_native, id=10400, stack(0x000000090e200000,0x000000090e300000)]
  0x0000014c788fb000 JavaThread "Cancel handler" [_thread_blocked, id=11072, stack(0x000000090e300000,0x000000090e400000)]
  0x0000014c786ac000 JavaThread "Daemon worker" [_thread_in_vm, id=11120, stack(0x000000090e400000,0x000000090e500000)]
  0x0000014c791a8800 JavaThread "Asynchronous log dispatcher for DefaultDaemonConnection: socket connection from /127.0.0.1:51331 to /127.0.0.1:51332" [_thread_blocked, id=9876, stack(0x000000090e500000,0x000000090e600000)]
  0x0000014c78303000 JavaThread "Stdin handler" [_thread_blocked, id=7296, stack(0x000000090e600000,0x000000090e700000)]
  0x0000014c78011800 JavaThread "Daemon client event forwarder" [_thread_blocked, id=5136, stack(0x000000090e700000,0x000000090e800000)]
  0x0000014c7800d800 JavaThread "Cache worker for file hash cache (C:\Users\user\.gradle\caches\6.9\fileHashes)" [_thread_blocked, id=6580, stack(0x000000090e800000,0x000000090e900000)]
  0x0000014c7800e800 JavaThread "File lock request listener" [_thread_in_native, id=3820, stack(0x000000090e900000,0x000000090ea00000)]
  0x0000014c7800f800 JavaThread "Cache worker for journal cache (C:\Users\user\.gradle\caches\journal-1)" [_thread_blocked, id=6152, stack(0x000000090ec00000,0x000000090ed00000)]
  0x0000014c7949b000 JavaThread "C2 CompilerThread1" daemon [_thread_in_native, id=7688, stack(0x000000090ed00000,0x000000090ee00000)]
  0x0000014c78010000 JavaThread "Cache worker for file hash cache (D:\IdeaProjects\EarlyKross\.gradle\6.9\fileHashes)" [_thread_blocked, id=6276, stack(0x000000090ee00000,0x000000090ef00000)]
  0x0000014c78011000 JavaThread "Cache worker for checksums cache (D:\IdeaProjects\EarlyKross\.gradle\checksums)" [_thread_blocked, id=3708, stack(0x000000090ef00000,0x000000090f000000)]
  0x0000014c7800c000 JavaThread "Cache worker for cache directory md-supplier (C:\Users\user\.gradle\caches\6.9\md-supplier)" [_thread_blocked, id=8280, stack(0x000000090f000000,0x000000090f100000)]
  0x0000014c78012800 JavaThread "Cache worker for cache directory md-rule (C:\Users\user\.gradle\caches\6.9\md-rule)" [_thread_blocked, id=4336, stack(0x000000090f100000,0x000000090f200000)]
=>0x0000014c799a4800 JavaThread "C2 CompilerThread2" daemon [_thread_in_native, id=10652, stack(0x000000090f200000,0x000000090f300000)]
  0x0000014c7800d000 JavaThread "Cache worker for execution history cache (C:\Users\user\.gradle\caches\6.9\executionHistory)" [_thread_blocked, id=356, stack(0x000000090f300000,0x000000090f400000)]
  0x0000014c788ac800 JavaThread "jar transforms" [_thread_blocked, id=1296, stack(0x000000090f400000,0x000000090f500000)]

Other Threads:
  0x0000014c75f06000 VMThread "VM Thread" [stack: 0x000000090cd00000,0x000000090ce00000] [id=9584]
  0x0000014c7699f000 WatcherThread [stack: 0x000000090d700000,0x000000090d800000] [id=11248]
  0x0000014c69045000 GCTaskThread "GC Thread#0" [stack: 0x000000090c800000,0x000000090c900000] [id=840]
  0x0000014c774f6800 GCTaskThread "GC Thread#1" [stack: 0x000000090d900000,0x000000090da00000] [id=2844]
  0x0000014c7767b000 GCTaskThread "GC Thread#2" [stack: 0x000000090da00000,0x000000090db00000] [id=5420]
  0x0000014c773b3800 GCTaskThread "GC Thread#3" [stack: 0x000000090db00000,0x000000090dc00000] [id=4148]
  0x0000014c7750f000 GCTaskThread "GC Thread#4" [stack: 0x000000090dc00000,0x000000090dd00000] [id=8400]
  0x0000014c7750f800 GCTaskThread "GC Thread#5" [stack: 0x000000090dd00000,0x000000090de00000] [id=8660]
  0x0000014c778c4800 GCTaskThread "GC Thread#6" [stack: 0x000000090d800000,0x000000090d900000] [id=7828]
  0x0000014c789fe800 GCTaskThread "GC Thread#7" [stack: 0x000000090ea00000,0x000000090eb00000] [id=8392]
  0x0000014c69057000 ConcurrentGCThread "G1 Main Marker" [stack: 0x000000090c900000,0x000000090ca00000] [id=10332]
  0x0000014c69059000 ConcurrentGCThread "G1 Conc#0" [stack: 0x000000090ca00000,0x000000090cb00000] [id=7512]
  0x0000014c77592800 ConcurrentGCThread "G1 Conc#1" [stack: 0x000000090eb00000,0x000000090ec00000] [id=10560]
  0x0000014c75d7d800 ConcurrentGCThread "G1 Refine#0" [stack: 0x000000090cb00000,0x000000090cc00000] [id=7332]
  0x0000014c6910b800 ConcurrentGCThread "G1 Young RemSet Sampling" [stack: 0x000000090cc00000,0x000000090cd00000] [id=10004]

Threads with active compile tasks:
C2 CompilerThread0   6765 2575       4       java.util.regex.Pattern$BmpCharProperty::match (55 bytes)
C2 CompilerThread1   6765 2532       4       jdk.internal.loader.URLClassPath::getResource (74 bytes)
C2 CompilerThread2   6765 2531  s!   4       jdk.internal.loader.URLClassPath::getLoader (194 bytes)

VM state:not at safepoint (normal execution)

VM Mutex/Monitor currently owned by a thread: None

Heap address: 0x00000000e0000000, size: 512 MB, Compressed Oops mode: 32-bit
Narrow klass base: 0x0000000000000000, Narrow klass shift: 3
Compressed class space size: 260046848 Address: 0x0000000100000000

Heap:
 garbage-first heap   total 262144K, used 55223K [0x00000000e0000000, 0x0000000100000000)
  region size 1024K, 40 young (40960K), 3 survivors (3072K)
 Metaspace       used 31903K, capacity 32601K, committed 32640K, reserved 282624K
  class space    used 4232K, capacity 4464K, committed 4480K, reserved 253952K
Heap Regions: E=young(eden), S=young(survivor), O=old, HS=humongous(starts), HC=humongous(continues), CS=collection set, F=free, A=archive, TAMS=top-at-mark-start (previous, next)
|   0|0x00000000e0000000, 0x00000000e0100000, 0x00000000e0100000|100%| O|  |TAMS 0x00000000e0000000, 0x00000000e0000000| Untracked 
|   1|0x00000000e0100000, 0x00000000e0200000, 0x00000000e0200000|100%| O|  |TAMS 0x00000000e0100000, 0x00000000e0100000| Untracked 
|   2|0x00000000e0200000, 0x00000000e0300000, 0x00000000e0300000|100%| O|  |TAMS 0x00000000e0200000, 0x00000000e0200000| Untracked 
|   3|0x00000000e0300000, 0x00000000e0400000, 0x00000000e0400000|100%|HS|  |TAMS 0x00000000e0400000, 0x00000000e0300000| Complete 
|   4|0x00000000e0400000, 0x00000000e0500000, 0x00000000e0500000|100%|HC|  |TAMS 0x00000000e0500000, 0x00000000e0400000| Complete 
|   5|0x00000000e0500000, 0x00000000e0600000, 0x00000000e0600000|100%|HC|  |TAMS 0x00000000e0600000, 0x00000000e0500000| Complete 
|   6|0x00000000e0600000, 0x00000000e0700000, 0x00000000e0700000|100%| O|  |TAMS 0x00000000e0700000, 0x00000000e0600000| Untracked 
|   7|0x00000000e0700000, 0x00000000e0800000, 0x00000000e0800000|100%| O|  |TAMS 0x00000000e0800000, 0x00000000e0700000| Untracked 
|   8|0x00000000e0800000, 0x00000000e0900000, 0x00000000e0900000|100%| O|  |TAMS 0x00000000e08b7e00, 0x00000000e0800000| Untracked 
|   9|0x00000000e0900000, 0x00000000e0a00000, 0x00000000e0a00000|100%| O|  |TAMS 0x00000000e0900000, 0x00000000e0900000| Untracked 
|  10|0x00000000e0a00000, 0x00000000e0b00000, 0x00000000e0b00000|100%| O|  |TAMS 0x00000000e0a00000, 0x00000000e0a00000| Untracked 
|  11|0x00000000e0b00000, 0x00000000e0c00000, 0x00000000e0c00000|100%| O|  |TAMS 0x00000000e0b00000, 0x00000000e0b00000| Untracked 
|  12|0x00000000e0c00000, 0x00000000e0d00000, 0x00000000e0d00000|100%| O|  |TAMS 0x00000000e0c00000, 0x00000000e0c00000| Untracked 
|  13|0x00000000e0d00000, 0x00000000e0e00000, 0x00000000e0e00000|100%| O|  |TAMS 0x00000000e0d00000, 0x00000000e0d00000| Untracked 
|  14|0x00000000e0e00000, 0x00000000e0f00000, 0x00000000e0f00000|100%| O|  |TAMS 0x00000000e0e00000, 0x00000000e0e00000| Untracked 
|  15|0x00000000e0f00000, 0x00000000e0f90e00, 0x00000000e1000000| 56%| O|  |TAMS 0x00000000e0f00000, 0x00000000e0f00000| Untracked 
|  16|0x00000000e1000000, 0x00000000e1000000, 0x00000000e1100000|  0%| F|  |TAMS 0x00000000e1000000, 0x00000000e1000000| Untracked 
|  17|0x00000000e1100000, 0x00000000e1100000, 0x00000000e1200000|  0%| F|  |TAMS 0x00000000e1100000, 0x00000000e1100000| Untracked 
|  18|0x00000000e1200000, 0x00000000e1200000, 0x00000000e1300000|  0%| F|  |TAMS 0x00000000e1200000, 0x00000000e1200000| Untracked 
|  19|0x00000000e1300000, 0x00000000e1300000, 0x00000000e1400000|  0%| F|  |TAMS 0x00000000e1300000, 0x00000000e1300000| Untracked 
|  20|0x00000000e1400000, 0x00000000e1400000, 0x00000000e1500000|  0%| F|  |TAMS 0x00000000e1400000, 0x00000000e1400000| Untracked 
|  21|0x00000000e1500000, 0x00000000e1500000, 0x00000000e1600000|  0%| F|  |TAMS 0x00000000e1500000, 0x00000000e1500000| Untracked 
|  22|0x00000000e1600000, 0x00000000e1600000, 0x00000000e1700000|  0%| F|  |TAMS 0x00000000e1600000, 0x00000000e1600000| Untracked 
|  23|0x00000000e1700000, 0x00000000e1700000, 0x00000000e1800000|  0%| F|  |TAMS 0x00000000e1700000, 0x00000000e1700000| Untracked 
|  24|0x00000000e1800000, 0x00000000e1800000, 0x00000000e1900000|  0%| F|  |TAMS 0x00000000e1800000, 0x00000000e1800000| Untracked 
|  25|0x00000000e1900000, 0x00000000e1900000, 0x00000000e1a00000|  0%| F|  |TAMS 0x00000000e1900000, 0x00000000e1900000| Untracked 
|  26|0x00000000e1a00000, 0x00000000e1a00000, 0x00000000e1b00000|  0%| F|  |TAMS 0x00000000e1a00000, 0x00000000e1a00000| Untracked 
|  27|0x00000000e1b00000, 0x00000000e1b00000, 0x00000000e1c00000|  0%| F|  |TAMS 0x00000000e1b00000, 0x00000000e1b00000| Untracked 
|  28|0x00000000e1c00000, 0x00000000e1c00000, 0x00000000e1d00000|  0%| F|  |TAMS 0x00000000e1c00000, 0x00000000e1c00000| Untracked 
|  29|0x00000000e1d00000, 0x00000000e1d00000, 0x00000000e1e00000|  0%| F|  |TAMS 0x00000000e1d00000, 0x00000000e1d00000| Untracked 
|  30|0x00000000e1e00000, 0x00000000e1e00000, 0x00000000e1f00000|  0%| F|  |TAMS 0x00000000e1e00000, 0x00000000e1e00000| Untracked 
|  31|0x00000000e1f00000, 0x00000000e1f00000, 0x00000000e2000000|  0%| F|  |TAMS 0x00000000e1f00000, 0x00000000e1f00000| Untracked 
|  32|0x00000000e2000000, 0x00000000e2000000, 0x00000000e2100000|  0%| F|  |TAMS 0x00000000e2000000, 0x00000000e2000000| Untracked 
|  33|0x00000000e2100000, 0x00000000e2100000, 0x00000000e2200000|  0%| F|  |TAMS 0x00000000e2100000, 0x00000000e2100000| Untracked 
|  34|0x00000000e2200000, 0x00000000e2200000, 0x00000000e2300000|  0%| F|  |TAMS 0x00000000e2200000, 0x00000000e2200000| Untracked 
|  35|0x00000000e2300000, 0x00000000e2300000, 0x00000000e2400000|  0%| F|  |TAMS 0x00000000e2300000, 0x00000000e2300000| Untracked 
|  36|0x00000000e2400000, 0x00000000e2400000, 0x00000000e2500000|  0%| F|  |TAMS 0x00000000e2400000, 0x00000000e2400000| Untracked 
|  37|0x00000000e2500000, 0x00000000e2500000, 0x00000000e2600000|  0%| F|  |TAMS 0x00000000e2500000, 0x00000000e2500000| Untracked 
|  38|0x00000000e2600000, 0x00000000e2600000, 0x00000000e2700000|  0%| F|  |TAMS 0x00000000e2600000, 0x00000000e2600000| Untracked 
|  39|0x00000000e2700000, 0x00000000e2700000, 0x00000000e2800000|  0%| F|  |TAMS 0x00000000e2700000, 0x00000000e2700000| Untracked 
|  40|0x00000000e2800000, 0x00000000e2800000, 0x00000000e2900000|  0%| F|  |TAMS 0x00000000e2800000, 0x00000000e2800000| Untracked 
|  41|0x00000000e2900000, 0x00000000e2900000, 0x00000000e2a00000|  0%| F|  |TAMS 0x00000000e2900000, 0x00000000e2900000| Untracked 
|  42|0x00000000e2a00000, 0x00000000e2a00000, 0x00000000e2b00000|  0%| F|  |TAMS 0x00000000e2a00000, 0x00000000e2a00000| Untracked 
|  43|0x00000000e2b00000, 0x00000000e2b00000, 0x00000000e2c00000|  0%| F|  |TAMS 0x00000000e2b00000, 0x00000000e2b00000| Untracked 
|  44|0x00000000e2c00000, 0x00000000e2c00000, 0x00000000e2d00000|  0%| F|  |TAMS 0x00000000e2c00000, 0x00000000e2c00000| Untracked 
|  45|0x00000000e2d00000, 0x00000000e2d00000, 0x00000000e2e00000|  0%| F|  |TAMS 0x00000000e2d00000, 0x00000000e2d00000| Untracked 
|  46|0x00000000e2e00000, 0x00000000e2e00000, 0x00000000e2f00000|  0%| F|  |TAMS 0x00000000e2e00000, 0x00000000e2e00000| Untracked 
|  47|0x00000000e2f00000, 0x00000000e2f00000, 0x00000000e3000000|  0%| F|  |TAMS 0x00000000e2f00000, 0x00000000e2f00000| Untracked 
|  48|0x00000000e3000000, 0x00000000e3000000, 0x00000000e3100000|  0%| F|  |TAMS 0x00000000e3000000, 0x00000000e3000000| Untracked 
|  49|0x00000000e3100000, 0x00000000e3100000, 0x00000000e3200000|  0%| F|  |TAMS 0x00000000e3100000, 0x00000000e3100000| Untracked 
|  50|0x00000000e3200000, 0x00000000e3200000, 0x00000000e3300000|  0%| F|  |TAMS 0x00000000e3200000, 0x00000000e3200000| Untracked 
|  51|0x00000000e3300000, 0x00000000e3300000, 0x00000000e3400000|  0%| F|  |TAMS 0x00000000e3300000, 0x00000000e3300000| Untracked 
|  52|0x00000000e3400000, 0x00000000e3400000, 0x00000000e3500000|  0%| F|  |TAMS 0x00000000e3400000, 0x00000000e3400000| Untracked 
|  53|0x00000000e3500000, 0x00000000e3500000, 0x00000000e3600000|  0%| F|  |TAMS 0x00000000e3500000, 0x00000000e3500000| Untracked 
|  54|0x00000000e3600000, 0x00000000e3600000, 0x00000000e3700000|  0%| F|  |TAMS 0x00000000e3600000, 0x00000000e3600000| Untracked 
|  55|0x00000000e3700000, 0x00000000e3700000, 0x00000000e3800000|  0%| F|  |TAMS 0x00000000e3700000, 0x00000000e3700000| Untracked 
|  56|0x00000000e3800000, 0x00000000e3800000, 0x00000000e3900000|  0%| F|  |TAMS 0x00000000e3800000, 0x00000000e3800000| Untracked 
|  57|0x00000000e3900000, 0x00000000e3900000, 0x00000000e3a00000|  0%| F|  |TAMS 0x00000000e3900000, 0x00000000e3900000| Untracked 
|  58|0x00000000e3a00000, 0x00000000e3a00000, 0x00000000e3b00000|  0%| F|  |TAMS 0x00000000e3a00000, 0x00000000e3a00000| Untracked 
|  59|0x00000000e3b00000, 0x00000000e3b00000, 0x00000000e3c00000|  0%| F|  |TAMS 0x00000000e3b00000, 0x00000000e3b00000| Untracked 
|  60|0x00000000e3c00000, 0x00000000e3c00000, 0x00000000e3d00000|  0%| F|  |TAMS 0x00000000e3c00000, 0x00000000e3c00000| Untracked 
|  61|0x00000000e3d00000, 0x00000000e3d00000, 0x00000000e3e00000|  0%| F|  |TAMS 0x00000000e3d00000, 0x00000000e3d00000| Untracked 
|  62|0x00000000e3e00000, 0x00000000e3e00000, 0x00000000e3f00000|  0%| F|  |TAMS 0x00000000e3e00000, 0x00000000e3e00000| Untracked 
|  63|0x00000000e3f00000, 0x00000000e3f00000, 0x00000000e4000000|  0%| F|  |TAMS 0x00000000e3f00000, 0x00000000e3f00000| Untracked 
|  64|0x00000000e4000000, 0x00000000e4000000, 0x00000000e4100000|  0%| F|  |TAMS 0x00000000e4000000, 0x00000000e4000000| Untracked 
|  65|0x00000000e4100000, 0x00000000e4100000, 0x00000000e4200000|  0%| F|  |TAMS 0x00000000e4100000, 0x00000000e4100000| Untracked 
|  66|0x00000000e4200000, 0x00000000e4200000, 0x00000000e4300000|  0%| F|  |TAMS 0x00000000e4200000, 0x00000000e4200000| Untracked 
|  67|0x00000000e4300000, 0x00000000e4300000, 0x00000000e4400000|  0%| F|  |TAMS 0x00000000e4300000, 0x00000000e4300000| Untracked 
|  68|0x00000000e4400000, 0x00000000e4400000, 0x00000000e4500000|  0%| F|  |TAMS 0x00000000e4400000, 0x00000000e4400000| Untracked 
|  69|0x00000000e4500000, 0x00000000e4500000, 0x00000000e4600000|  0%| F|  |TAMS 0x00000000e4500000, 0x00000000e4500000| Untracked 
|  70|0x00000000e4600000, 0x00000000e4600000, 0x00000000e4700000|  0%| F|  |TAMS 0x00000000e4600000, 0x00000000e4600000| Untracked 
|  71|0x00000000e4700000, 0x00000000e4700000, 0x00000000e4800000|  0%| F|  |TAMS 0x00000000e4700000, 0x00000000e4700000| Untracked 
|  72|0x00000000e4800000, 0x00000000e4800000, 0x00000000e4900000|  0%| F|  |TAMS 0x00000000e4800000, 0x00000000e4800000| Untracked 
|  73|0x00000000e4900000, 0x00000000e4900000, 0x00000000e4a00000|  0%| F|  |TAMS 0x00000000e4900000, 0x00000000e4900000| Untracked 
|  74|0x00000000e4a00000, 0x00000000e4a00000, 0x00000000e4b00000|  0%| F|  |TAMS 0x00000000e4a00000, 0x00000000e4a00000| Untracked 
|  75|0x00000000e4b00000, 0x00000000e4b00000, 0x00000000e4c00000|  0%| F|  |TAMS 0x00000000e4b00000, 0x00000000e4b00000| Untracked 
|  76|0x00000000e4c00000, 0x00000000e4c00000, 0x00000000e4d00000|  0%| F|  |TAMS 0x00000000e4c00000, 0x00000000e4c00000| Untracked 
|  77|0x00000000e4d00000, 0x00000000e4d00000, 0x00000000e4e00000|  0%| F|  |TAMS 0x00000000e4d00000, 0x00000000e4d00000| Untracked 
|  78|0x00000000e4e00000, 0x00000000e4e00000, 0x00000000e4f00000|  0%| F|  |TAMS 0x00000000e4e00000, 0x00000000e4e00000| Untracked 
|  79|0x00000000e4f00000, 0x00000000e4f00000, 0x00000000e5000000|  0%| F|  |TAMS 0x00000000e4f00000, 0x00000000e4f00000| Untracked 
|  80|0x00000000e5000000, 0x00000000e5000000, 0x00000000e5100000|  0%| F|  |TAMS 0x00000000e5000000, 0x00000000e5000000| Untracked 
|  81|0x00000000e5100000, 0x00000000e5100000, 0x00000000e5200000|  0%| F|  |TAMS 0x00000000e5100000, 0x00000000e5100000| Untracked 
|  82|0x00000000e5200000, 0x00000000e5200000, 0x00000000e5300000|  0%| F|  |TAMS 0x00000000e5200000, 0x00000000e5200000| Untracked 
|  83|0x00000000e5300000, 0x00000000e5300000, 0x00000000e5400000|  0%| F|  |TAMS 0x00000000e5300000, 0x00000000e5300000| Untracked 
|  84|0x00000000e5400000, 0x00000000e5400000, 0x00000000e5500000|  0%| F|  |TAMS 0x00000000e5400000, 0x00000000e5400000| Untracked 
|  85|0x00000000e5500000, 0x00000000e5500000, 0x00000000e5600000|  0%| F|  |TAMS 0x00000000e5500000, 0x00000000e5500000| Untracked 
|  86|0x00000000e5600000, 0x00000000e5600000, 0x00000000e5700000|  0%| F|  |TAMS 0x00000000e5600000, 0x00000000e5600000| Untracked 
|  87|0x00000000e5700000, 0x00000000e5700000, 0x00000000e5800000|  0%| F|  |TAMS 0x00000000e5700000, 0x00000000e5700000| Untracked 
|  88|0x00000000e5800000, 0x00000000e5800000, 0x00000000e5900000|  0%| F|  |TAMS 0x00000000e5800000, 0x00000000e5800000| Untracked 
|  89|0x00000000e5900000, 0x00000000e5900000, 0x00000000e5a00000|  0%| F|  |TAMS 0x00000000e5900000, 0x00000000e5900000| Untracked 
|  90|0x00000000e5a00000, 0x00000000e5a00000, 0x00000000e5b00000|  0%| F|  |TAMS 0x00000000e5a00000, 0x00000000e5a00000| Untracked 
|  91|0x00000000e5b00000, 0x00000000e5b00000, 0x00000000e5c00000|  0%| F|  |TAMS 0x00000000e5b00000, 0x00000000e5b00000| Untracked 
|  92|0x00000000e5c00000, 0x00000000e5c00000, 0x00000000e5d00000|  0%| F|  |TAMS 0x00000000e5c00000, 0x00000000e5c00000| Untracked 
|  93|0x00000000e5d00000, 0x00000000e5d00000, 0x00000000e5e00000|  0%| F|  |TAMS 0x00000000e5d00000, 0x00000000e5d00000| Untracked 
|  94|0x00000000e5e00000, 0x00000000e5e00000, 0x00000000e5f00000|  0%| F|  |TAMS 0x00000000e5e00000, 0x00000000e5e00000| Untracked 
|  95|0x00000000e5f00000, 0x00000000e5f00000, 0x00000000e6000000|  0%| F|  |TAMS 0x00000000e5f00000, 0x00000000e5f00000| Untracked 
|  96|0x00000000e6000000, 0x00000000e6000000, 0x00000000e6100000|  0%| F|  |TAMS 0x00000000e6000000, 0x00000000e6000000| Untracked 
|  97|0x00000000e6100000, 0x00000000e6100000, 0x00000000e6200000|  0%| F|  |TAMS 0x00000000e6100000, 0x00000000e6100000| Untracked 
|  98|0x00000000e6200000, 0x00000000e6200000, 0x00000000e6300000|  0%| F|  |TAMS 0x00000000e6200000, 0x00000000e6200000| Untracked 
|  99|0x00000000e6300000, 0x00000000e6300000, 0x00000000e6400000|  0%| F|  |TAMS 0x00000000e6300000, 0x00000000e6300000| Untracked 
| 100|0x00000000e6400000, 0x00000000e6400000, 0x00000000e6500000|  0%| F|  |TAMS 0x00000000e6400000, 0x00000000e6400000| Untracked 
| 101|0x00000000e6500000, 0x00000000e6500000, 0x00000000e6600000|  0%| F|  |TAMS 0x00000000e6500000, 0x00000000e6500000| Untracked 
| 102|0x00000000e6600000, 0x00000000e6600000, 0x00000000e6700000|  0%| F|  |TAMS 0x00000000e6600000, 0x00000000e6600000| Untracked 
| 103|0x00000000e6700000, 0x00000000e6700000, 0x00000000e6800000|  0%| F|  |TAMS 0x00000000e6700000, 0x00000000e6700000| Untracked 
| 104|0x00000000e6800000, 0x00000000e6800000, 0x00000000e6900000|  0%| F|  |TAMS 0x00000000e6800000, 0x00000000e6800000| Untracked 
| 105|0x00000000e6900000, 0x00000000e6900000, 0x00000000e6a00000|  0%| F|  |TAMS 0x00000000e6900000, 0x00000000e6900000| Untracked 
| 106|0x00000000e6a00000, 0x00000000e6a00000, 0x00000000e6b00000|  0%| F|  |TAMS 0x00000000e6a00000, 0x00000000e6a00000| Untracked 
| 107|0x00000000e6b00000, 0x00000000e6b00000, 0x00000000e6c00000|  0%| F|  |TAMS 0x00000000e6b00000, 0x00000000e6b00000| Untracked 
| 108|0x00000000e6c00000, 0x00000000e6c00000, 0x00000000e6d00000|  0%| F|  |TAMS 0x00000000e6c00000, 0x00000000e6c00000| Untracked 
| 109|0x00000000e6d00000, 0x00000000e6d00000, 0x00000000e6e00000|  0%| F|  |TAMS 0x00000000e6d00000, 0x00000000e6d00000| Untracked 
| 110|0x00000000e6e00000, 0x00000000e6e00000, 0x00000000e6f00000|  0%| F|  |TAMS 0x00000000e6e00000, 0x00000000e6e00000| Untracked 
| 111|0x00000000e6f00000, 0x00000000e6f00000, 0x00000000e7000000|  0%| F|  |TAMS 0x00000000e6f00000, 0x00000000e6f00000| Untracked 
| 112|0x00000000e7000000, 0x00000000e7000000, 0x00000000e7100000|  0%| F|  |TAMS 0x00000000e7000000, 0x00000000e7000000| Untracked 
| 113|0x00000000e7100000, 0x00000000e7100000, 0x00000000e7200000|  0%| F|  |TAMS 0x00000000e7100000, 0x00000000e7100000| Untracked 
| 114|0x00000000e7200000, 0x00000000e7200000, 0x00000000e7300000|  0%| F|  |TAMS 0x00000000e7200000, 0x00000000e7200000| Untracked 
| 115|0x00000000e7300000, 0x00000000e7300000, 0x00000000e7400000|  0%| F|  |TAMS 0x00000000e7300000, 0x00000000e7300000| Untracked 
| 116|0x00000000e7400000, 0x00000000e7400000, 0x00000000e7500000|  0%| F|  |TAMS 0x00000000e7400000, 0x00000000e7400000| Untracked 
| 117|0x00000000e7500000, 0x00000000e7500000, 0x00000000e7600000|  0%| F|  |TAMS 0x00000000e7500000, 0x00000000e7500000| Untracked 
| 118|0x00000000e7600000, 0x00000000e7600000, 0x00000000e7700000|  0%| F|  |TAMS 0x00000000e7600000, 0x00000000e7600000| Untracked 
| 119|0x00000000e7700000, 0x00000000e7700000, 0x00000000e7800000|  0%| F|  |TAMS 0x00000000e7700000, 0x00000000e7700000| Untracked 
| 120|0x00000000e7800000, 0x00000000e7800000, 0x00000000e7900000|  0%| F|  |TAMS 0x00000000e7800000, 0x00000000e7800000| Untracked 
| 121|0x00000000e7900000, 0x00000000e7900000, 0x00000000e7a00000|  0%| F|  |TAMS 0x00000000e7900000, 0x00000000e7900000| Untracked 
| 122|0x00000000e7a00000, 0x00000000e7a00000, 0x00000000e7b00000|  0%| F|  |TAMS 0x00000000e7a00000, 0x00000000e7a00000| Untracked 
| 123|0x00000000e7b00000, 0x00000000e7b00000, 0x00000000e7c00000|  0%| F|  |TAMS 0x00000000e7b00000, 0x00000000e7b00000| Untracked 
| 124|0x00000000e7c00000, 0x00000000e7c00000, 0x00000000e7d00000|  0%| F|  |TAMS 0x00000000e7c00000, 0x00000000e7c00000| Untracked 
| 125|0x00000000e7d00000, 0x00000000e7d00000, 0x00000000e7e00000|  0%| F|  |TAMS 0x00000000e7d00000, 0x00000000e7d00000| Untracked 
| 126|0x00000000e7e00000, 0x00000000e7e00000, 0x00000000e7f00000|  0%| F|  |TAMS 0x00000000e7e00000, 0x00000000e7e00000| Untracked 
| 127|0x00000000e7f00000, 0x00000000e7f00000, 0x00000000e8000000|  0%| F|  |TAMS 0x00000000e7f00000, 0x00000000e7f00000| Untracked 
| 128|0x00000000e8000000, 0x00000000e8000000, 0x00000000e8100000|  0%| F|  |TAMS 0x00000000e8000000, 0x00000000e8000000| Untracked 
| 129|0x00000000e8100000, 0x00000000e8100000, 0x00000000e8200000|  0%| F|  |TAMS 0x00000000e8100000, 0x00000000e8100000| Untracked 
| 130|0x00000000e8200000, 0x00000000e8200000, 0x00000000e8300000|  0%| F|  |TAMS 0x00000000e8200000, 0x00000000e8200000| Untracked 
| 131|0x00000000e8300000, 0x00000000e8300000, 0x00000000e8400000|  0%| F|  |TAMS 0x00000000e8300000, 0x00000000e8300000| Untracked 
| 132|0x00000000e8400000, 0x00000000e8400000, 0x00000000e8500000|  0%| F|  |TAMS 0x00000000e8400000, 0x00000000e8400000| Untracked 
| 133|0x00000000e8500000, 0x00000000e8500000, 0x00000000e8600000|  0%| F|  |TAMS 0x00000000e8500000, 0x00000000e8500000| Untracked 
| 134|0x00000000e8600000, 0x00000000e8600000, 0x00000000e8700000|  0%| F|  |TAMS 0x00000000e8600000, 0x00000000e8600000| Untracked 
| 135|0x00000000e8700000, 0x00000000e8700000, 0x00000000e8800000|  0%| F|  |TAMS 0x00000000e8700000, 0x00000000e8700000| Untracked 
| 136|0x00000000e8800000, 0x00000000e8800000, 0x00000000e8900000|  0%| F|  |TAMS 0x00000000e8800000, 0x00000000e8800000| Untracked 
| 137|0x00000000e8900000, 0x00000000e8900000, 0x00000000e8a00000|  0%| F|  |TAMS 0x00000000e8900000, 0x00000000e8900000| Untracked 
| 138|0x00000000e8a00000, 0x00000000e8a00000, 0x00000000e8b00000|  0%| F|  |TAMS 0x00000000e8a00000, 0x00000000e8a00000| Untracked 
| 139|0x00000000e8b00000, 0x00000000e8b00000, 0x00000000e8c00000|  0%| F|  |TAMS 0x00000000e8b00000, 0x00000000e8b00000| Untracked 
| 140|0x00000000e8c00000, 0x00000000e8c00000, 0x00000000e8d00000|  0%| F|  |TAMS 0x00000000e8c00000, 0x00000000e8c00000| Untracked 
| 141|0x00000000e8d00000, 0x00000000e8d00000, 0x00000000e8e00000|  0%| F|  |TAMS 0x00000000e8d00000, 0x00000000e8d00000| Untracked 
| 142|0x00000000e8e00000, 0x00000000e8e00000, 0x00000000e8f00000|  0%| F|  |TAMS 0x00000000e8e00000, 0x00000000e8e00000| Untracked 
| 143|0x00000000e8f00000, 0x00000000e8f00000, 0x00000000e9000000|  0%| F|  |TAMS 0x00000000e8f00000, 0x00000000e8f00000| Untracked 
| 144|0x00000000e9000000, 0x00000000e9000000, 0x00000000e9100000|  0%| F|  |TAMS 0x00000000e9000000, 0x00000000e9000000| Untracked 
| 145|0x00000000e9100000, 0x00000000e9100000, 0x00000000e9200000|  0%| F|  |TAMS 0x00000000e9100000, 0x00000000e9100000| Untracked 
| 146|0x00000000e9200000, 0x00000000e9200000, 0x00000000e9300000|  0%| F|  |TAMS 0x00000000e9200000, 0x00000000e9200000| Untracked 
| 147|0x00000000e9300000, 0x00000000e9300000, 0x00000000e9400000|  0%| F|  |TAMS 0x00000000e9300000, 0x00000000e9300000| Untracked 
| 148|0x00000000e9400000, 0x00000000e9400000, 0x00000000e9500000|  0%| F|  |TAMS 0x00000000e9400000, 0x00000000e9400000| Untracked 
| 149|0x00000000e9500000, 0x00000000e9500000, 0x00000000e9600000|  0%| F|  |TAMS 0x00000000e9500000, 0x00000000e9500000| Untracked 
| 150|0x00000000e9600000, 0x00000000e9600000, 0x00000000e9700000|  0%| F|  |TAMS 0x00000000e9600000, 0x00000000e9600000| Untracked 
| 151|0x00000000e9700000, 0x00000000e9700000, 0x00000000e9800000|  0%| F|  |TAMS 0x00000000e9700000, 0x00000000e9700000| Untracked 
| 152|0x00000000e9800000, 0x00000000e9800000, 0x00000000e9900000|  0%| F|  |TAMS 0x00000000e9800000, 0x00000000e9800000| Untracked 
| 153|0x00000000e9900000, 0x00000000e9900000, 0x00000000e9a00000|  0%| F|  |TAMS 0x00000000e9900000, 0x00000000e9900000| Untracked 
| 154|0x00000000e9a00000, 0x00000000e9a00000, 0x00000000e9b00000|  0%| F|  |TAMS 0x00000000e9a00000, 0x00000000e9a00000| Untracked 
| 155|0x00000000e9b00000, 0x00000000e9b00000, 0x00000000e9c00000|  0%| F|  |TAMS 0x00000000e9b00000, 0x00000000e9b00000| Untracked 
| 156|0x00000000e9c00000, 0x00000000e9c00000, 0x00000000e9d00000|  0%| F|  |TAMS 0x00000000e9c00000, 0x00000000e9c00000| Untracked 
| 157|0x00000000e9d00000, 0x00000000e9d00000, 0x00000000e9e00000|  0%| F|  |TAMS 0x00000000e9d00000, 0x00000000e9d00000| Untracked 
| 158|0x00000000e9e00000, 0x00000000e9e00000, 0x00000000e9f00000|  0%| F|  |TAMS 0x00000000e9e00000, 0x00000000e9e00000| Untracked 
| 159|0x00000000e9f00000, 0x00000000e9f00000, 0x00000000ea000000|  0%| F|  |TAMS 0x00000000e9f00000, 0x00000000e9f00000| Untracked 
| 160|0x00000000ea000000, 0x00000000ea000000, 0x00000000ea100000|  0%| F|  |TAMS 0x00000000ea000000, 0x00000000ea000000| Untracked 
| 161|0x00000000ea100000, 0x00000000ea100000, 0x00000000ea200000|  0%| F|  |TAMS 0x00000000ea100000, 0x00000000ea100000| Untracked 
| 162|0x00000000ea200000, 0x00000000ea200000, 0x00000000ea300000|  0%| F|  |TAMS 0x00000000ea200000, 0x00000000ea200000| Untracked 
| 163|0x00000000ea300000, 0x00000000ea300000, 0x00000000ea400000|  0%| F|  |TAMS 0x00000000ea300000, 0x00000000ea300000| Untracked 
| 164|0x00000000ea400000, 0x00000000ea400000, 0x00000000ea500000|  0%| F|  |TAMS 0x00000000ea400000, 0x00000000ea400000| Untracked 
| 165|0x00000000ea500000, 0x00000000ea500000, 0x00000000ea600000|  0%| F|  |TAMS 0x00000000ea500000, 0x00000000ea500000| Untracked 
| 166|0x00000000ea600000, 0x00000000ea600000, 0x00000000ea700000|  0%| F|  |TAMS 0x00000000ea600000, 0x00000000ea600000| Untracked 
| 167|0x00000000ea700000, 0x00000000ea700000, 0x00000000ea800000|  0%| F|  |TAMS 0x00000000ea700000, 0x00000000ea700000| Untracked 
| 168|0x00000000ea800000, 0x00000000ea800000, 0x00000000ea900000|  0%| F|  |TAMS 0x00000000ea800000, 0x00000000ea800000| Untracked 
| 169|0x00000000ea900000, 0x00000000ea900000, 0x00000000eaa00000|  0%| F|  |TAMS 0x00000000ea900000, 0x00000000ea900000| Untracked 
| 170|0x00000000eaa00000, 0x00000000eaa00000, 0x00000000eab00000|  0%| F|  |TAMS 0x00000000eaa00000, 0x00000000eaa00000| Untracked 
| 171|0x00000000eab00000, 0x00000000eab00000, 0x00000000eac00000|  0%| F|  |TAMS 0x00000000eab00000, 0x00000000eab00000| Untracked 
| 172|0x00000000eac00000, 0x00000000eac00000, 0x00000000ead00000|  0%| F|  |TAMS 0x00000000eac00000, 0x00000000eac00000| Untracked 
| 173|0x00000000ead00000, 0x00000000ead00000, 0x00000000eae00000|  0%| F|  |TAMS 0x00000000ead00000, 0x00000000ead00000| Untracked 
| 174|0x00000000eae00000, 0x00000000eae00000, 0x00000000eaf00000|  0%| F|  |TAMS 0x00000000eae00000, 0x00000000eae00000| Untracked 
| 175|0x00000000eaf00000, 0x00000000eaf00000, 0x00000000eb000000|  0%| F|  |TAMS 0x00000000eaf00000, 0x00000000eaf00000| Untracked 
| 176|0x00000000eb000000, 0x00000000eb000000, 0x00000000eb100000|  0%| F|  |TAMS 0x00000000eb000000, 0x00000000eb000000| Untracked 
| 177|0x00000000eb100000, 0x00000000eb100000, 0x00000000eb200000|  0%| F|  |TAMS 0x00000000eb100000, 0x00000000eb100000| Untracked 
| 178|0x00000000eb200000, 0x00000000eb200000, 0x00000000eb300000|  0%| F|  |TAMS 0x00000000eb200000, 0x00000000eb200000| Untracked 
| 179|0x00000000eb300000, 0x00000000eb300000, 0x00000000eb400000|  0%| F|  |TAMS 0x00000000eb300000, 0x00000000eb300000| Untracked 
| 180|0x00000000eb400000, 0x00000000eb400000, 0x00000000eb500000|  0%| F|  |TAMS 0x00000000eb400000, 0x00000000eb400000| Untracked 
| 181|0x00000000eb500000, 0x00000000eb500000, 0x00000000eb600000|  0%| F|  |TAMS 0x00000000eb500000, 0x00000000eb500000| Untracked 
| 182|0x00000000eb600000, 0x00000000eb600000, 0x00000000eb700000|  0%| F|  |TAMS 0x00000000eb600000, 0x00000000eb600000| Untracked 
| 183|0x00000000eb700000, 0x00000000eb700000, 0x00000000eb800000|  0%| F|  |TAMS 0x00000000eb700000, 0x00000000eb700000| Untracked 
| 184|0x00000000eb800000, 0x00000000eb800000, 0x00000000eb900000|  0%| F|  |TAMS 0x00000000eb800000, 0x00000000eb800000| Untracked 
| 185|0x00000000eb900000, 0x00000000eb900000, 0x00000000eba00000|  0%| F|  |TAMS 0x00000000eb900000, 0x00000000eb900000| Untracked 
| 186|0x00000000eba00000, 0x00000000eba00000, 0x00000000ebb00000|  0%| F|  |TAMS 0x00000000eba00000, 0x00000000eba00000| Untracked 
| 187|0x00000000ebb00000, 0x00000000ebb00000, 0x00000000ebc00000|  0%| F|  |TAMS 0x00000000ebb00000, 0x00000000ebb00000| Untracked 
| 188|0x00000000ebc00000, 0x00000000ebc00000, 0x00000000ebd00000|  0%| F|  |TAMS 0x00000000ebc00000, 0x00000000ebc00000| Untracked 
| 189|0x00000000ebd00000, 0x00000000ebd00000, 0x00000000ebe00000|  0%| F|  |TAMS 0x00000000ebd00000, 0x00000000ebd00000| Untracked 
| 190|0x00000000ebe00000, 0x00000000ebe00000, 0x00000000ebf00000|  0%| F|  |TAMS 0x00000000ebe00000, 0x00000000ebe00000| Untracked 
| 191|0x00000000ebf00000, 0x00000000ebf00000, 0x00000000ec000000|  0%| F|  |TAMS 0x00000000ebf00000, 0x00000000ebf00000| Untracked 
| 192|0x00000000ec000000, 0x00000000ec000000, 0x00000000ec100000|  0%| F|  |TAMS 0x00000000ec000000, 0x00000000ec000000| Untracked 
| 193|0x00000000ec100000, 0x00000000ec100000, 0x00000000ec200000|  0%| F|  |TAMS 0x00000000ec100000, 0x00000000ec100000| Untracked 
| 194|0x00000000ec200000, 0x00000000ec25cf58, 0x00000000ec300000| 36%| S|CS|TAMS 0x00000000ec200000, 0x00000000ec200000| Complete 
| 195|0x00000000ec300000, 0x00000000ec400000, 0x00000000ec400000|100%| S|CS|TAMS 0x00000000ec300000, 0x00000000ec300000| Complete 
| 196|0x00000000ec400000, 0x00000000ec500000, 0x00000000ec500000|100%| S|CS|TAMS 0x00000000ec400000, 0x00000000ec400000| Complete 
| 197|0x00000000ec500000, 0x00000000ec500000, 0x00000000ec600000|  0%| F|  |TAMS 0x00000000ec500000, 0x00000000ec500000| Untracked 
| 198|0x00000000ec600000, 0x00000000ec600000, 0x00000000ec700000|  0%| F|  |TAMS 0x00000000ec600000, 0x00000000ec600000| Untracked 
| 199|0x00000000ec700000, 0x00000000ec700000, 0x00000000ec800000|  0%| F|  |TAMS 0x00000000ec700000, 0x00000000ec700000| Untracked 
| 200|0x00000000ec800000, 0x00000000ec800000, 0x00000000ec900000|  0%| F|  |TAMS 0x00000000ec800000, 0x00000000ec800000| Untracked 
| 201|0x00000000ec900000, 0x00000000ec900000, 0x00000000eca00000|  0%| F|  |TAMS 0x00000000ec900000, 0x00000000ec900000| Untracked 
| 202|0x00000000eca00000, 0x00000000eca00000, 0x00000000ecb00000|  0%| F|  |TAMS 0x00000000eca00000, 0x00000000eca00000| Untracked 
| 203|0x00000000ecb00000, 0x00000000ecb00000, 0x00000000ecc00000|  0%| F|  |TAMS 0x00000000ecb00000, 0x00000000ecb00000| Untracked 
| 204|0x00000000ecc00000, 0x00000000ecc00000, 0x00000000ecd00000|  0%| F|  |TAMS 0x00000000ecc00000, 0x00000000ecc00000| Untracked 
| 205|0x00000000ecd00000, 0x00000000ecd00000, 0x00000000ece00000|  0%| F|  |TAMS 0x00000000ecd00000, 0x00000000ecd00000| Untracked 
| 206|0x00000000ece00000, 0x00000000ece00000, 0x00000000ecf00000|  0%| F|  |TAMS 0x00000000ece00000, 0x00000000ece00000| Untracked 
| 207|0x00000000ecf00000, 0x00000000ecf00000, 0x00000000ed000000|  0%| F|  |TAMS 0x00000000ecf00000, 0x00000000ecf00000| Untracked 
| 208|0x00000000ed000000, 0x00000000ed000000, 0x00000000ed100000|  0%| F|  |TAMS 0x00000000ed000000, 0x00000000ed000000| Untracked 
| 209|0x00000000ed100000, 0x00000000ed100000, 0x00000000ed200000|  0%| F|  |TAMS 0x00000000ed100000, 0x00000000ed100000| Untracked 
| 210|0x00000000ed200000, 0x00000000ed200000, 0x00000000ed300000|  0%| F|  |TAMS 0x00000000ed200000, 0x00000000ed200000| Untracked 
| 211|0x00000000ed300000, 0x00000000ed300000, 0x00000000ed400000|  0%| F|  |TAMS 0x00000000ed300000, 0x00000000ed300000| Untracked 
| 212|0x00000000ed400000, 0x00000000ed400000, 0x00000000ed500000|  0%| F|  |TAMS 0x00000000ed400000, 0x00000000ed400000| Untracked 
| 213|0x00000000ed500000, 0x00000000ed500000, 0x00000000ed600000|  0%| F|  |TAMS 0x00000000ed500000, 0x00000000ed500000| Untracked 
| 214|0x00000000ed600000, 0x00000000ed600000, 0x00000000ed700000|  0%| F|  |TAMS 0x00000000ed600000, 0x00000000ed600000| Untracked 
| 215|0x00000000ed700000, 0x00000000ed700000, 0x00000000ed800000|  0%| F|  |TAMS 0x00000000ed700000, 0x00000000ed700000| Untracked 
| 216|0x00000000ed800000, 0x00000000ed800000, 0x00000000ed900000|  0%| F|  |TAMS 0x00000000ed800000, 0x00000000ed800000| Untracked 
| 217|0x00000000ed900000, 0x00000000ed900000, 0x00000000eda00000|  0%| F|  |TAMS 0x00000000ed900000, 0x00000000ed900000| Untracked 
| 218|0x00000000eda00000, 0x00000000eda879e0, 0x00000000edb00000| 52%| E|  |TAMS 0x00000000eda00000, 0x00000000eda00000| Complete 
| 219|0x00000000edb00000, 0x00000000edc00000, 0x00000000edc00000|100%| E|CS|TAMS 0x00000000edb00000, 0x00000000edb00000| Complete 
| 220|0x00000000edc00000, 0x00000000edd00000, 0x00000000edd00000|100%| E|CS|TAMS 0x00000000edc00000, 0x00000000edc00000| Complete 
| 221|0x00000000edd00000, 0x00000000ede00000, 0x00000000ede00000|100%| E|CS|TAMS 0x00000000edd00000, 0x00000000edd00000| Complete 
| 222|0x00000000ede00000, 0x00000000edf00000, 0x00000000edf00000|100%| E|CS|TAMS 0x00000000ede00000, 0x00000000ede00000| Complete 
| 223|0x00000000edf00000, 0x00000000ee000000, 0x00000000ee000000|100%| E|CS|TAMS 0x00000000edf00000, 0x00000000edf00000| Complete 
| 224|0x00000000ee000000, 0x00000000ee100000, 0x00000000ee100000|100%| E|CS|TAMS 0x00000000ee000000, 0x00000000ee000000| Complete 
| 225|0x00000000ee100000, 0x00000000ee200000, 0x00000000ee200000|100%| E|CS|TAMS 0x00000000ee100000, 0x00000000ee100000| Complete 
| 226|0x00000000ee200000, 0x00000000ee300000, 0x00000000ee300000|100%| E|CS|TAMS 0x00000000ee200000, 0x00000000ee200000| Complete 
| 227|0x00000000ee300000, 0x00000000ee400000, 0x00000000ee400000|100%| E|CS|TAMS 0x00000000ee300000, 0x00000000ee300000| Complete 
| 228|0x00000000ee400000, 0x00000000ee500000, 0x00000000ee500000|100%| E|CS|TAMS 0x00000000ee400000, 0x00000000ee400000| Complete 
| 229|0x00000000ee500000, 0x00000000ee600000, 0x00000000ee600000|100%| E|CS|TAMS 0x00000000ee500000, 0x00000000ee500000| Complete 
| 230|0x00000000ee600000, 0x00000000ee700000, 0x00000000ee700000|100%| E|CS|TAMS 0x00000000ee600000, 0x00000000ee600000| Complete 
| 231|0x00000000ee700000, 0x00000000ee800000, 0x00000000ee800000|100%| E|CS|TAMS 0x00000000ee700000, 0x00000000ee700000| Complete 
| 232|0x00000000ee800000, 0x00000000ee900000, 0x00000000ee900000|100%| E|CS|TAMS 0x00000000ee800000, 0x00000000ee800000| Complete 
| 233|0x00000000ee900000, 0x00000000eea00000, 0x00000000eea00000|100%| E|CS|TAMS 0x00000000ee900000, 0x00000000ee900000| Complete 
| 234|0x00000000eea00000, 0x00000000eeb00000, 0x00000000eeb00000|100%| E|CS|TAMS 0x00000000eea00000, 0x00000000eea00000| Complete 
| 235|0x00000000eeb00000, 0x00000000eec00000, 0x00000000eec00000|100%| E|CS|TAMS 0x00000000eeb00000, 0x00000000eeb00000| Complete 
| 236|0x00000000eec00000, 0x00000000eed00000, 0x00000000eed00000|100%| E|CS|TAMS 0x00000000eec00000, 0x00000000eec00000| Complete 
| 237|0x00000000eed00000, 0x00000000eee00000, 0x00000000eee00000|100%| E|CS|TAMS 0x00000000eed00000, 0x00000000eed00000| Complete 
| 238|0x00000000eee00000, 0x00000000eef00000, 0x00000000eef00000|100%| E|CS|TAMS 0x00000000eee00000, 0x00000000eee00000| Complete 
| 239|0x00000000eef00000, 0x00000000ef000000, 0x00000000ef000000|100%| E|CS|TAMS 0x00000000eef00000, 0x00000000eef00000| Complete 
| 240|0x00000000ef000000, 0x00000000ef100000, 0x00000000ef100000|100%| E|CS|TAMS 0x00000000ef000000, 0x00000000ef000000| Complete 
| 241|0x00000000ef100000, 0x00000000ef200000, 0x00000000ef200000|100%| E|CS|TAMS 0x00000000ef100000, 0x00000000ef100000| Complete 
| 242|0x00000000ef200000, 0x00000000ef300000, 0x00000000ef300000|100%| E|CS|TAMS 0x00000000ef200000, 0x00000000ef200000| Complete 
| 243|0x00000000ef300000, 0x00000000ef400000, 0x00000000ef400000|100%| E|CS|TAMS 0x00000000ef300000, 0x00000000ef300000| Complete 
| 244|0x00000000ef400000, 0x00000000ef500000, 0x00000000ef500000|100%| E|CS|TAMS 0x00000000ef400000, 0x00000000ef400000| Complete 
| 245|0x00000000ef500000, 0x00000000ef600000, 0x00000000ef600000|100%| E|CS|TAMS 0x00000000ef500000, 0x00000000ef500000| Complete 
| 246|0x00000000ef600000, 0x00000000ef700000, 0x00000000ef700000|100%| E|CS|TAMS 0x00000000ef600000, 0x00000000ef600000| Complete 
| 247|0x00000000ef700000, 0x00000000ef800000, 0x00000000ef800000|100%| E|CS|TAMS 0x00000000ef700000, 0x00000000ef700000| Complete 
| 248|0x00000000ef800000, 0x00000000ef900000, 0x00000000ef900000|100%| E|CS|TAMS 0x00000000ef800000, 0x00000000ef800000| Complete 
| 249|0x00000000ef900000, 0x00000000efa00000, 0x00000000efa00000|100%| E|CS|TAMS 0x00000000ef900000, 0x00000000ef900000| Complete 
| 250|0x00000000efa00000, 0x00000000efb00000, 0x00000000efb00000|100%| E|CS|TAMS 0x00000000efa00000, 0x00000000efa00000| Complete 
| 251|0x00000000efb00000, 0x00000000efc00000, 0x00000000efc00000|100%| E|CS|TAMS 0x00000000efb00000, 0x00000000efb00000| Complete 
| 252|0x00000000efc00000, 0x00000000efd00000, 0x00000000efd00000|100%| E|CS|TAMS 0x00000000efc00000, 0x00000000efc00000| Complete 
| 253|0x00000000efd00000, 0x00000000efe00000, 0x00000000efe00000|100%| E|CS|TAMS 0x00000000efd00000, 0x00000000efd00000| Complete 
| 254|0x00000000efe00000, 0x00000000eff00000, 0x00000000eff00000|100%| E|CS|TAMS 0x00000000efe00000, 0x00000000efe00000| Complete 
| 255|0x00000000eff00000, 0x00000000f0000000, 0x00000000f0000000|100%| E|CS|TAMS 0x00000000eff00000, 0x00000000eff00000| Complete 

Card table byte_map: [0x0000014c722b0000,0x0000014c723b0000] _byte_map_base: 0x0000014c71bb0000

Marking Bits (Prev, Next): (CMBitMap*) 0x0000014c690541b0, (CMBitMap*) 0x0000014c69054178
 Prev Bits: [0x0000014c72cb0000, 0x0000014c734b0000)
 Next Bits: [0x0000014c724b0000, 0x0000014c72cb0000)

Polling page: 0x0000014c677e0000

Metaspace:

Usage:
  Non-class:     27.60 MB capacity,    27.14 MB ( 98%) used,   412.65 KB (  1%) free+waste,    65.94 KB ( <1%) overhead. 
      Class:      4.39 MB capacity,     4.14 MB ( 94%) used,   225.80 KB (  5%) free+waste,    32.88 KB ( <1%) overhead. 
       Both:     32.00 MB capacity,    31.28 MB ( 98%) used,   638.45 KB (  2%) free+waste,    98.81 KB ( <1%) overhead. 

Virtual space:
  Non-class space:       28.00 MB reserved,      27.75 MB (>99%) committed 
      Class space:      248.00 MB reserved,       4.50 MB (  2%) committed 
             Both:      276.00 MB reserved,      32.25 MB ( 12%) committed 

Chunk freelists:
   Non-Class:  23.00 KB
       Class:  14.00 KB
        Both:  37.00 KB

MaxMetaspaceSize: 256.00 MB
CompressedClassSpaceSize: 248.00 MB

CodeHeap 'non-profiled nmethods': size=120000Kb used=1283Kb max_used=1283Kb free=118717Kb
 bounds [0x0000014c07ad0000, 0x0000014c07d40000, 0x0000014c0f000000]
CodeHeap 'profiled nmethods': size=120000Kb used=5370Kb max_used=5370Kb free=114629Kb
 bounds [0x0000014c005a0000, 0x0000014c00ae0000, 0x0000014c07ad0000]
CodeHeap 'non-nmethods': size=5760Kb used=1167Kb max_used=1234Kb free=4592Kb
 bounds [0x0000014c00000000, 0x0000014c00270000, 0x0000014c005a0000]
 total_blobs=3083 nmethods=2571 adapters=423
 compilation: enabled
              stopped_count=0, restarted_count=0
 full_count=0

Compilation events (20 events):
Event: 6.642 Thread 0x0000014c76814800 nmethod 2554 0x0000014c00ad3610 code [0x0000014c00ad3800, 0x0000014c00ad3a98]
Event: 6.643 Thread 0x0000014c76814800 2555       3       org.codehaus.groovy.util.ManagedReference::<init> (40 bytes)
Event: 6.643 Thread 0x0000014c76814800 nmethod 2555 0x0000014c00ad3b90 code [0x0000014c00ad3d80, 0x0000014c00ad4218]
Event: 6.643 Thread 0x0000014c76814800 2556       3       org.codehaus.groovy.util.ManagedReference::<init> (14 bytes)
Event: 6.643 Thread 0x0000014c76814800 nmethod 2556 0x0000014c00ad4390 code [0x0000014c00ad4560, 0x0000014c00ad46e8]
Event: 6.643 Thread 0x0000014c76814800 2557       3       org.codehaus.groovy.util.ReferenceManager$1::afterReferenceCreation (57 bytes)
Event: 6.644 Thread 0x0000014c76814800 nmethod 2557 0x0000014c00ad4810 code [0x0000014c00ad4a00, 0x0000014c00ad4e18]
Event: 6.646 Thread 0x0000014c76814800 2559       3       org.codehaus.groovy.util.LockableObject::lock (25 bytes)
Event: 6.647 Thread 0x0000014c76814800 nmethod 2559 0x0000014c00ad4f90 code [0x0000014c00ad5200, 0x0000014c00ad5bf8]
Event: 6.647 Thread 0x0000014c76814800 2560   !   3       org.codehaus.groovy.util.LazyReference::getLocked (85 bytes)
Event: 6.649 Thread 0x0000014c76814800 nmethod 2560 0x0000014c00ad5f90 code [0x0000014c00ad62c0, 0x0000014c00ad73f8]
Event: 6.649 Thread 0x0000014c76814800 2561       3       org.codehaus.groovy.util.LockableObject::unlock (7 bytes)
Event: 6.649 Thread 0x0000014c76814800 nmethod 2561 0x0000014c00ad7a90 code [0x0000014c00ad7c60, 0x0000014c00ad7f78]
Event: 6.649 Thread 0x0000014c76814800 2562       3       java.lang.Class::getMethod (59 bytes)
Event: 6.651 Thread 0x0000014c76814800 nmethod 2562 0x0000014c00ad8090 code [0x0000014c00ad8360, 0x0000014c00ad8f88]
Event: 6.651 Thread 0x0000014c76814800 2563       3       java.lang.Class::getMethod0 (31 bytes)
Event: 6.651 Thread 0x0000014c7680f000 nmethod 2548 0x0000014c07c0e710 code [0x0000014c07c0e8e0, 0x0000014c07c0f058]
Event: 6.651 Thread 0x0000014c76814800 nmethod 2563 0x0000014c00ad9410 code [0x0000014c00ad95e0, 0x0000014c00ad97f8]
Event: 6.728 Thread 0x0000014c76814800 2564       1       java.util.logging.LogManager$LoggerContext::getOwner (5 bytes)
Event: 6.728 Thread 0x0000014c76814800 nmethod 2564 0x0000014c07c0f590 code [0x0000014c07c0f740, 0x0000014c07c0f7f8]

GC Heap History (6 events):
Event: 1.591 GC heap before
{Heap before GC invocations=0 (full 0):
 garbage-first heap   total 262144K, used 29696K [0x00000000e0000000, 0x0000000100000000)
  region size 1024K, 24 young (24576K), 0 survivors (0K)
 Metaspace       used 10369K, capacity 10596K, committed 10624K, reserved 264192K
  class space    used 1071K, capacity 1128K, committed 1152K, reserved 253952K
}
Event: 1.608 GC heap after
{Heap after GC invocations=1 (full 0):
 garbage-first heap   total 262144K, used 8927K [0x00000000e0000000, 0x0000000100000000)
  region size 1024K, 3 young (3072K), 3 survivors (3072K)
 Metaspace       used 10369K, capacity 10596K, committed 10624K, reserved 264192K
  class space    used 1071K, capacity 1128K, committed 1152K, reserved 253952K
}
Event: 5.035 GC heap before
{Heap before GC invocations=1 (full 0):
 garbage-first heap   total 262144K, used 96991K [0x00000000e0000000, 0x0000000100000000)
  region size 1024K, 91 young (93184K), 3 survivors (3072K)
 Metaspace       used 20567K, capacity 21095K, committed 21248K, reserved 272384K
  class space    used 2512K, capacity 2689K, committed 2816K, reserved 253952K
}
Event: 5.050 GC heap after
{Heap after GC invocations=2 (full 0):
 garbage-first heap   total 262144K, used 16574K [0x00000000e0000000, 0x0000000100000000)
  region size 1024K, 11 young (11264K), 11 survivors (11264K)
 Metaspace       used 20567K, capacity 21095K, committed 21248K, reserved 272384K
  class space    used 2512K, capacity 2689K, committed 2816K, reserved 253952K
}
Event: 6.105 GC heap before
{Heap before GC invocations=3 (full 0):
 garbage-first heap   total 262144K, used 76990K [0x00000000e0000000, 0x0000000100000000)
  region size 1024K, 70 young (71680K), 11 survivors (11264K)
 Metaspace       used 26626K, capacity 27362K, committed 27648K, reserved 278528K
  class space    used 3508K, capacity 3743K, committed 3840K, reserved 253952K
}
Event: 6.117 GC heap after
{Heap after GC invocations=4 (full 0):
 garbage-first heap   total 262144K, used 18359K [0x00000000e0000000, 0x0000000100000000)
  region size 1024K, 3 young (3072K), 3 survivors (3072K)
 Metaspace       used 26626K, capacity 27362K, committed 27648K, reserved 278528K
  class space    used 3508K, capacity 3743K, committed 3840K, reserved 253952K
}

Deoptimization events (20 events):
Event: 6.525 Thread 0x0000014c788ac800 Uncommon trap: trap_request=0xffffffde fr.pc=0x0000014c07ba5f88 relative=0x00000000000012c8
Event: 6.525 Thread 0x0000014c788ac800 Uncommon trap: reason=class_check action=maybe_recompile pc=0x0000014c07ba5f88 method=java.util.concurrent.ConcurrentHashMap.putVal(Ljava/lang/Object;Ljava/lang/Object;Z)Ljava/lang/Object; @ 242 c2
Event: 6.525 Thread 0x0000014c788ac800 DEOPT PACKING pc=0x0000014c07ba5f88 sp=0x000000090f4fe2f0
Event: 6.525 Thread 0x0000014c788ac800 DEOPT UNPACKING pc=0x0000014c0002662f sp=0x000000090f4fe270 mode 2
Event: 6.563 Thread 0x0000014c786ac000 Uncommon trap: trap_request=0xffffff4d fr.pc=0x0000014c07b48478 relative=0x0000000000001c98
Event: 6.563 Thread 0x0000014c786ac000 Uncommon trap: reason=unstable_if action=reinterpret pc=0x0000014c07b48478 method=java.util.zip.ZipFile$Source.initCEN(ILjava/util/zip/ZipCoder;)V @ 582 c2
Event: 6.563 Thread 0x0000014c786ac000 DEOPT PACKING pc=0x0000014c07b48478 sp=0x000000090e4f5a20
Event: 6.563 Thread 0x0000014c786ac000 DEOPT UNPACKING pc=0x0000014c0002662f sp=0x000000090e4f59f8 mode 2
Event: 6.563 Thread 0x0000014c786ac000 Uncommon trap: trap_request=0xffffff4d fr.pc=0x0000014c07be5a40 relative=0x0000000000005bc0
Event: 6.563 Thread 0x0000014c786ac000 Uncommon trap: reason=unstable_if action=reinterpret pc=0x0000014c07be5a40 method=java.net.URLClassLoader.defineClass(Ljava/lang/String;Ljdk/internal/loader/Resource;)Ljava/lang/Class; @ 21 c2
Event: 6.563 Thread 0x0000014c786ac000 DEOPT PACKING pc=0x0000014c07be5a40 sp=0x000000090e4f97d0
Event: 6.563 Thread 0x0000014c786ac000 DEOPT UNPACKING pc=0x0000014c0002662f sp=0x000000090e4f9730 mode 2
Event: 6.563 Thread 0x0000014c786ac000 Uncommon trap: trap_request=0xffffff4d fr.pc=0x0000014c07bc24fc relative=0x000000000000359c
Event: 6.563 Thread 0x0000014c786ac000 Uncommon trap: reason=unstable_if action=reinterpret pc=0x0000014c07bc24fc method=java.lang.ClassLoader.getClassLoadingLock(Ljava/lang/String;)Ljava/lang/Object; @ 6 c2
Event: 6.563 Thread 0x0000014c786ac000 DEOPT PACKING pc=0x0000014c07bc24fc sp=0x000000090e4f7cc0
Event: 6.563 Thread 0x0000014c786ac000 DEOPT UNPACKING pc=0x0000014c0002662f sp=0x000000090e4f7cd0 mode 2
Event: 6.565 Thread 0x0000014c786ac000 Uncommon trap: trap_request=0xffffff4d fr.pc=0x0000014c07c04450 relative=0x0000000000000750
Event: 6.565 Thread 0x0000014c786ac000 Uncommon trap: reason=unstable_if action=reinterpret pc=0x0000014c07c04450 method=java.lang.Class.getPackageName()Ljava/lang/String; @ 55 c2
Event: 6.565 Thread 0x0000014c786ac000 DEOPT PACKING pc=0x0000014c07c04450 sp=0x000000090e4f9500
Event: 6.565 Thread 0x0000014c786ac000 DEOPT UNPACKING pc=0x0000014c0002662f sp=0x000000090e4f94c0 mode 2

Classes redefined (0 events):
No events

Internal exceptions (20 events):
Event: 5.443 Thread 0x0000014c786ac000 Exception <a 'java/lang/NoSuchMethodError'{0x00000000ee86f4a0}: 'java.lang.Object java.lang.invoke.Invokers$Holder.linkToTargetMethod(java.lang.Object, java.lang.Object, java.lang.Object, java.lang.Object, java.lang.Object, java.lang.Object)'> (0x00000000ee86f4a0) thrown at [./src/hotspot/share/interpreter/linkResolver.cpp, line 773]
Event: 5.502 Thread 0x0000014c786ac000 Exception <a 'java/lang/NoSuchMethodError'{0x00000000ee4d4988}: 'java.lang.Object java.lang.invoke.Invokers$Holder.invoker(java.lang.Object, java.lang.Object, java.lang.Object)'> (0x00000000ee4d4988) thrown at [./src/hotspot/share/interpreter/linkResolver.cpp, line 773]
Event: 5.655 Thread 0x0000014c786ac000 Exception <a 'java/lang/NoSuchMethodError'{0x00000000edca74a0}: 'void java.lang.invoke.DirectMethodHandle$Holder.invokeStaticInit(java.lang.Object, java.lang.Object)'> (0x00000000edca74a0) thrown at [./src/hotspot/share/interpreter/linkResolver.cpp, line 773]
Event: 5.806 Thread 0x0000014c786ac000 Exception <a 'java/lang/NoSuchMethodError'{0x00000000ed7b41f0}: 'java.lang.Object java.lang.invoke.DirectMethodHandle$Holder.invokeStatic(java.lang.Object, java.lang.Object, java.lang.Object, int, java.lang.Object, java.lang.Object)'> (0x00000000ed7b41f0) thrown at [./src/hotspot/share/interpreter/linkResolver.cpp, line 773]
Event: 5.806 Thread 0x0000014c786ac000 Exception <a 'java/lang/NoSuchMethodError'{0x00000000ed7bb558}: 'java.lang.Object java.lang.invoke.Invokers$Holder.linkToTargetMethod(java.lang.Object, java.lang.Object, int, java.lang.Object, java.lang.Object, java.lang.Object)'> (0x00000000ed7bb558) thrown at [./src/hotspot/share/interpreter/linkResolver.cpp, line 773]
Event: 5.833 Thread 0x0000014c786ac000 Exception <a 'java/lang/NoSuchMethodError'{0x00000000ed5567f0}: 'void java.lang.invoke.DirectMethodHandle$Holder.invokeSpecial(java.lang.Object, java.lang.Object, java.lang.Object, java.lang.Object)'> (0x00000000ed5567f0) thrown at [./src/hotspot/share/interpreter/linkResolver.cpp, line 773]
Event: 5.931 Thread 0x0000014c786ac000 Implicit null exception at 0x0000014c07bcc875 to 0x0000014c07bcca3c
Event: 5.946 Thread 0x0000014c786ac000 Implicit null exception at 0x0000014c07b1e92f to 0x0000014c07b1e99d
Event: 6.019 Thread 0x0000014c786ac000 Exception <a 'java/lang/NoSuchMethodError'{0x00000000eca6f150}: 'java.lang.Object java.lang.invoke.DirectMethodHandle$Holder.invokeSpecialIFC(java.lang.Object, java.lang.Object, java.lang.Object, java.lang.Object)'> (0x00000000eca6f150) thrown at [./src/hotspot/share/interpreter/linkResolver.cpp, line 773]
Event: 6.032 Thread 0x0000014c786ac000 Exception <a 'java/lang/NoSuchMethodError'{0x00000000ec951640}: 'java.lang.Object java.lang.invoke.DirectMethodHandle$Holder.invokeSpecial(java.lang.Object, java.lang.Object, java.lang.Object, java.lang.Object, java.lang.Object, java.lang.Object, java.lang.Object, java.lang.Object, java.lang.Object, java.lang.Object, java.lang.Object, java.lang.Object, java.lang.Object)'> (0x00000000ec951640) thrown at [./src/hotspot/share/interpreter/linkResolver.cpp, line 773]
Event: 6.033 Thread 0x0000014c786ac000 Exception <a 'java/lang/NoSuchMethodError'{0x00000000ec9628c8}: 'java.lang.Object java.lang.invoke.DirectMethodHandle$Holder.invokeSpecial(java.lang.Object, java.lang.Object, java.lang.Object, java.lang.Object, java.lang.Object, java.lang.Object, java.lang.Object, java.lang.Object, java.lang.Object, java.lang.Object, java.lang.Object, java.lang.Object)'> (0x00000000ec9628c8) thrown at [./src/hotspot/share/interpreter/linkResolver.cpp, line 773]
Event: 6.034 Thread 0x0000014c786ac000 Exception <a 'java/lang/NoSuchMethodError'{0x00000000ec9679f0}: 'java.lang.Object java.lang.invoke.Invokers$Holder.linkToTargetMethod(java.lang.Object, java.lang.Object, java.lang.Object, java.lang.Object, java.lang.Object, java.lang.Object, java.lang.Object, java.lang.Object, java.lang.Object, java.lang.Object, java.lang.Object)'> (0x00000000ec9679f0) thrown at [./src/hotspot/share/interpreter/linkResolver.cpp, line 773]
Event: 6.050 Thread 0x0000014c786ac000 Exception <a 'java/lang/NoSuchMethodError'{0x00000000ec892778}: 'java.lang.Object java.lang.invoke.DirectMethodHandle$Holder.invokeSpecial(java.lang.Object, java.lang.Object, java.lang.Object, java.lang.Object, java.lang.Object, java.lang.Object, java.lang.Object, java.lang.Object, java.lang.Object, java.lang.Object, java.lang.Object, java.lang.Object, java.lang.Object, java.lang.Object)'> (0x00000000ec892778) thrown at [./src/hotspot/share/interpreter/linkResolver.cpp, line 773]
Event: 6.051 Thread 0x0000014c786ac000 Exception <a 'java/lang/NoSuchMethodError'{0x00000000ec8a3d70}: 'java.lang.Object java.lang.invoke.Invokers$Holder.linkToTargetMethod(java.lang.Object, java.lang.Object, java.lang.Object, java.lang.Object, java.lang.Object, java.lang.Object, java.lang.Object, java.lang.Object, java.lang.Object, java.lang.Object, java.lang.Object, java.lang.Object)'> (0x00000000ec8a3d70) thrown at [./src/hotspot/share/interpreter/linkResolver.cpp, line 773]
Event: 6.059 Thread 0x0000014c786ac000 Exception <a 'java/lang/NoSuchMethodError'{0x00000000ec72b000}: 'java.lang.Object java.lang.invoke.DirectMethodHandle$Holder.invokeStaticInit(java.lang.Object, java.lang.Object, java.lang.Object, java.lang.Object)'> (0x00000000ec72b000) thrown at [./src/hotspot/share/interpreter/linkResolver.cpp, line 773]
Event: 6.515 Thread 0x0000014c786ac000 Exception <a 'java/lang/NoSuchMethodError'{0x00000000ee67aca0}: 'int java.lang.invoke.DirectMethodHandle$Holder.invokeStaticInit(java.lang.Object, java.lang.Object, java.lang.Object)'> (0x00000000ee67aca0) thrown at [./src/hotspot/share/interpreter/linkResolver.cpp, line 773]
Event: 6.516 Thread 0x0000014c786ac000 Exception <a 'java/lang/NoSuchMethodError'{0x00000000ee6818c8}: 'int java.lang.invoke.DirectMethodHandle$Holder.invokeStatic(java.lang.Object, java.lang.Object, java.lang.Object, java.lang.Object, java.lang.Object)'> (0x00000000ee6818c8) thrown at [./src/hotspot/share/interpreter/linkResolver.cpp, line 773]
Event: 6.542 Thread 0x0000014c7800f800 Exception <a 'java/lang/NoSuchMethodError'{0x00000000ee4e6048}: 'void java.lang.invoke.DirectMethodHandle$Holder.invokeStatic(java.lang.Object, java.lang.Object, java.lang.Object, java.lang.Object)'> (0x00000000ee4e6048) thrown at [./src/hotspot/share/interpreter/linkResolver.cpp, line 773]
Event: 6.563 Thread 0x0000014c786ac000 Implicit null exception at 0x0000014c07b47826 to 0x0000014c07b48459
Event: 6.575 Thread 0x0000014c786ac000 Exception <a 'java/lang/NoSuchMethodError'{0x00000000ee2982b8}: 'void java.lang.invoke.DirectMethodHandle$Holder.invokeStaticInit(java.lang.Object, java.lang.Object, java.lang.Object, java.lang.Object)'> (0x00000000ee2982b8) thrown at [./src/hotspot/share/interpreter/linkResolver.cpp, line 773]

Events (20 events):
Event: 6.729 loading class org/codehaus/groovy/runtime/dgmimpl/NumberNumberMetaMethod
Event: 6.729 loading class org/codehaus/groovy/runtime/dgmimpl/NumberNumberMetaMethod done
Event: 6.730 loading class org/codehaus/groovy/runtime/callsite/CallSiteAwareMetaMethod
Event: 6.730 loading class org/codehaus/groovy/runtime/callsite/CallSiteAwareMetaMethod done
Event: 6.730 loading class org/codehaus/groovy/runtime/dgmimpl/NumberNumberMultiply
Event: 6.730 loading class org/codehaus/groovy/runtime/dgmimpl/NumberNumberMultiply done
Event: 6.731 loading class org/codehaus/groovy/runtime/dgmimpl/NumberNumberMinus
Event: 6.731 loading class org/codehaus/groovy/runtime/dgmimpl/NumberNumberMinus done
Event: 6.731 loading class org/codehaus/groovy/runtime/dgmimpl/NumberNumberDiv
Event: 6.731 loading class org/codehaus/groovy/runtime/dgmimpl/NumberNumberDiv done
Event: 6.732 loading class org/codehaus/groovy/runtime/dgmimpl/arrays/ObjectArrayGetAtMetaMethod
Event: 6.732 loading class org/codehaus/groovy/runtime/dgmimpl/arrays/ObjectArrayGetAtMetaMethod done
Event: 6.732 loading class org/codehaus/groovy/runtime/dgmimpl/arrays/ArrayGetAtMetaMethod
Event: 6.732 loading class org/codehaus/groovy/runtime/dgmimpl/arrays/ArrayGetAtMetaMethod done
Event: 6.732 loading class org/codehaus/groovy/runtime/dgmimpl/arrays/ArrayMetaMethod
Event: 6.732 loading class org/codehaus/groovy/runtime/dgmimpl/arrays/ArrayMetaMethod done
Event: 6.733 loading class org/codehaus/groovy/runtime/dgmimpl/arrays/ObjectArrayPutAtMetaMethod
Event: 6.733 loading class org/codehaus/groovy/runtime/dgmimpl/arrays/ObjectArrayPutAtMetaMethod done
Event: 6.733 loading class org/codehaus/groovy/runtime/dgmimpl/arrays/ArrayPutAtMetaMethod
Event: 6.733 loading class org/codehaus/groovy/runtime/dgmimpl/arrays/ArrayPutAtMetaMethod done


Dynamic libraries:
0x00007ff7ae250000 - 0x00007ff7ae25d000 	C:\Program Files\AdoptOpenJDK\jdk-11.0.11.9-hotspot\bin\java.exe
0x00007ff8bf2f0000 - 0x00007ff8bf4e5000 	C:\Windows\SYSTEM32\ntdll.dll
0x00007ff8be4e0000 - 0x00007ff8be59d000 	C:\Windows\System32\KERNEL32.DLL
0x00007ff8bcf40000 - 0x00007ff8bd208000 	C:\Windows\System32\KERNELBASE.dll
0x00007ff8bcab0000 - 0x00007ff8bcbb0000 	C:\Windows\System32\ucrtbase.dll
0x00007ff89d8b0000 - 0x00007ff89d8c5000 	C:\Program Files\AdoptOpenJDK\jdk-11.0.11.9-hotspot\bin\VCRUNTIME140.dll
0x00007ff89d890000 - 0x00007ff89d8a7000 	C:\Program Files\AdoptOpenJDK\jdk-11.0.11.9-hotspot\bin\jli.dll
0x00007ff8befb0000 - 0x00007ff8bf150000 	C:\Windows\System32\USER32.dll
0x00007ff8a7b10000 - 0x00007ff8a7daa000 	C:\Windows\WinSxS\amd64_microsoft.windows.common-controls_6595b64144ccf1df_6.0.19041.844_none_ca00b6081b84eb1d\COMCTL32.dll
0x00007ff8bcec0000 - 0x00007ff8bcee2000 	C:\Windows\System32\win32u.dll
0x00007ff8bd620000 - 0x00007ff8bd6be000 	C:\Windows\System32\msvcrt.dll
0x00007ff8bd370000 - 0x00007ff8bd39a000 	C:\Windows\System32\GDI32.dll
0x00007ff8bcdb0000 - 0x00007ff8bcebb000 	C:\Windows\System32\gdi32full.dll
0x00007ff8bcd10000 - 0x00007ff8bcdad000 	C:\Windows\System32\msvcp_win.dll
0x00007ff8bf150000 - 0x00007ff8bf180000 	C:\Windows\System32\IMM32.DLL
0x00007ff88c940000 - 0x00007ff88c9db000 	C:\Program Files\AdoptOpenJDK\jdk-11.0.11.9-hotspot\bin\msvcp140.dll
0x00007ff8806d0000 - 0x00007ff88121b000 	C:\Program Files\AdoptOpenJDK\jdk-11.0.11.9-hotspot\bin\server\jvm.dll
0x00007ff8bd4d0000 - 0x00007ff8bd57c000 	C:\Windows\System32\ADVAPI32.dll
0x00007ff8bd580000 - 0x00007ff8bd61b000 	C:\Windows\System32\sechost.dll
0x00007ff8bf180000 - 0x00007ff8bf2ab000 	C:\Windows\System32\RPCRT4.dll
0x00007ff8bd9b0000 - 0x00007ff8bd9b8000 	C:\Windows\System32\PSAPI.DLL
0x00007ff8b73b0000 - 0x00007ff8b73b9000 	C:\Windows\SYSTEM32\WSOCK32.dll
0x00007ff8a3210000 - 0x00007ff8a3237000 	C:\Windows\SYSTEM32\WINMM.dll
0x00007ff8bdb40000 - 0x00007ff8bdbab000 	C:\Windows\System32\WS2_32.dll
0x00007ff8b6b90000 - 0x00007ff8b6b9a000 	C:\Windows\SYSTEM32\VERSION.dll
0x00007ff8ba980000 - 0x00007ff8ba992000 	C:\Windows\SYSTEM32\kernel.appcore.dll
0x00007ff8a5040000 - 0x00007ff8a5050000 	C:\Program Files\AdoptOpenJDK\jdk-11.0.11.9-hotspot\bin\verify.dll
0x00007ff8a3cd0000 - 0x00007ff8a3eb4000 	C:\Windows\SYSTEM32\DBGHELP.DLL
0x00007ff8a3b60000 - 0x00007ff8a3b8c000 	C:\Windows\SYSTEM32\dbgcore.DLL
0x00007ff8bca30000 - 0x00007ff8bcab0000 	C:\Windows\System32\bcryptPrimitives.dll
0x00007ff89c5e0000 - 0x00007ff89c608000 	C:\Program Files\AdoptOpenJDK\jdk-11.0.11.9-hotspot\bin\java.dll
0x00007ff8a4220000 - 0x00007ff8a422a000 	C:\Program Files\AdoptOpenJDK\jdk-11.0.11.9-hotspot\bin\jimage.dll
0x00007ff89c5c0000 - 0x00007ff89c5d7000 	C:\Program Files\AdoptOpenJDK\jdk-11.0.11.9-hotspot\bin\zip.dll
0x00007ff8be860000 - 0x00007ff8befa2000 	C:\Windows\System32\SHELL32.dll
0x00007ff8bab80000 - 0x00007ff8bb310000 	C:\Windows\SYSTEM32\windows.storage.dll
0x00007ff8be0d0000 - 0x00007ff8be425000 	C:\Windows\System32\combase.dll
0x00007ff8bc4a0000 - 0x00007ff8bc4cc000 	C:\Windows\SYSTEM32\Wldp.dll
0x00007ff8be020000 - 0x00007ff8be0ce000 	C:\Windows\System32\SHCORE.dll
0x00007ff8be5a0000 - 0x00007ff8be5f5000 	C:\Windows\System32\shlwapi.dll
0x00007ff8bc970000 - 0x00007ff8bc98f000 	C:\Windows\SYSTEM32\profapi.dll
0x00007ff89c3c0000 - 0x00007ff89c3d9000 	C:\Program Files\AdoptOpenJDK\jdk-11.0.11.9-hotspot\bin\net.dll
0x00007ff8b3650000 - 0x00007ff8b375b000 	C:\Windows\SYSTEM32\WINHTTP.dll
0x00007ff8bc190000 - 0x00007ff8bc1fa000 	C:\Windows\system32\mswsock.dll
0x00007ff89c310000 - 0x00007ff89c322000 	C:\Program Files\AdoptOpenJDK\jdk-11.0.11.9-hotspot\bin\nio.dll
0x00007ff8b8560000 - 0x00007ff8b8587000 	C:\Users\user\.gradle\native\49d0259a56938c7f99b2704e745ce422c4f750a7a20b539a32ccef96729676b1\windows-amd64\native-platform.dll
0x00007ff89c680000 - 0x00007ff89c816000 	C:\Users\user\.gradle\native\12488b8bf47d2d4c9fbf2f6322a914ad602e24e48041cd04a747c6da556b65c4\windows-amd64\native-platform-file-events.dll
0x00007ff8a3af0000 - 0x00007ff8a3af9000 	C:\Program Files\AdoptOpenJDK\jdk-11.0.11.9-hotspot\bin\management.dll
0x00007ff8a3940000 - 0x00007ff8a394b000 	C:\Program Files\AdoptOpenJDK\jdk-11.0.11.9-hotspot\bin\management_ext.dll
0x00007ff8bc370000 - 0x00007ff8bc388000 	C:\Windows\SYSTEM32\CRYPTSP.dll
0x00007ff8bbae0000 - 0x00007ff8bbb14000 	C:\Windows\system32\rsaenh.dll
0x00007ff8bd210000 - 0x00007ff8bd237000 	C:\Windows\System32\bcrypt.dll
0x00007ff8bc930000 - 0x00007ff8bc95e000 	C:\Windows\SYSTEM32\USERENV.dll
0x00007ff8bc390000 - 0x00007ff8bc39c000 	C:\Windows\SYSTEM32\CRYPTBASE.dll
0x00007ff8bbe90000 - 0x00007ff8bbecb000 	C:\Windows\SYSTEM32\IPHLPAPI.DLL
0x00007ff8be4d0000 - 0x00007ff8be4d8000 	C:\Windows\System32\NSI.dll
0x00007ff8b1c70000 - 0x00007ff8b1c87000 	C:\Windows\SYSTEM32\dhcpcsvc6.DLL
0x00007ff8b1c50000 - 0x00007ff8b1c6d000 	C:\Windows\SYSTEM32\dhcpcsvc.DLL
0x00007ff8bbed0000 - 0x00007ff8bbf9c000 	C:\Windows\SYSTEM32\DNSAPI.dll

dbghelp: loaded successfully - version: 4.0.5 - missing functions: none
symbol engine: initialized successfully - sym options: 0x614 - pdb path: .;C:\Program Files\AdoptOpenJDK\jdk-11.0.11.9-hotspot\bin;C:\Windows\SYSTEM32;C:\Windows\WinSxS\amd64_microsoft.windows.common-controls_6595b64144ccf1df_6.0.19041.844_none_ca00b6081b84eb1d;C:\Program Files\AdoptOpenJDK\jdk-11.0.11.9-hotspot\bin\server;C:\Users\user\.gradle\native\49d0259a56938c7f99b2704e745ce422c4f750a7a20b539a32ccef96729676b1\windows-amd64;C:\Users\user\.gradle\native\12488b8bf47d2d4c9fbf2f6322a914ad602e24e48041cd04a747c6da556b65c4\windows-amd64

VM Arguments:
jvm_args: --add-opens=java.base/java.util=ALL-UNNAMED --add-opens=java.base/java.lang=ALL-UNNAMED --add-opens=java.base/java.lang.invoke=ALL-UNNAMED --add-opens=java.prefs/java.util.prefs=ALL-UNNAMED -XX:MaxMetaspaceSize=256m -XX:+HeapDumpOnOutOfMemoryError -Xms256m -Xmx512m -Dfile.encoding=x-windows-949 -Duser.country=KR -Duser.language=ko -Duser.variant 
java_command: org.gradle.launcher.daemon.bootstrap.GradleDaemon 6.9
java_class_path (initial): C:\Users\user\.gradle\wrapper\dists\gradle-6.9-bin\2ecsmyp3bolyybemj56vfn4mt\gradle-6.9\lib\gradle-launcher-6.9.jar
Launcher Type: SUN_STANDARD

[Global flags]
     intx CICompilerCount                          = 4                                         {product} {ergonomic}
   size_t CompressedClassSpaceSize                 = 260046848                                 {product} {ergonomic}
     uint ConcGCThreads                            = 2                                         {product} {ergonomic}
     uint G1ConcRefinementThreads                  = 8                                         {product} {ergonomic}
   size_t G1HeapRegionSize                         = 1048576                                   {product} {ergonomic}
    uintx GCDrainStackTargetSize                   = 64                                        {product} {ergonomic}
     bool HeapDumpOnOutOfMemoryError               = true                                   {manageable} {command line}
   size_t InitialHeapSize                          = 268435456                                 {product} {command line}
   size_t MarkStackSize                            = 4194304                                   {product} {ergonomic}
   size_t MaxHeapSize                              = 536870912                                 {product} {command line}
   size_t MaxMetaspaceSize                         = 268435456                                 {product} {command line}
   size_t MaxNewSize                               = 321912832                                 {product} {ergonomic}
   size_t MinHeapDeltaBytes                        = 1048576                                   {product} {ergonomic}
    uintx NonNMethodCodeHeapSize                   = 5836300                                {pd product} {ergonomic}
    uintx NonProfiledCodeHeapSize                  = 122910970                              {pd product} {ergonomic}
    uintx ProfiledCodeHeapSize                     = 122910970                              {pd product} {ergonomic}
    uintx ReservedCodeCacheSize                    = 251658240                              {pd product} {ergonomic}
     bool SegmentedCodeCache                       = true                                      {product} {ergonomic}
     bool UseCompressedClassPointers               = true                                 {lp64_product} {ergonomic}
     bool UseCompressedOops                        = true                                 {lp64_product} {ergonomic}
     bool UseG1GC                                  = true                                      {product} {ergonomic}
     bool UseLargePagesIndividualAllocation        = false                                  {pd product} {ergonomic}

Logging:
Log output configuration:
 #0: stdout all=warning uptime,level,tags
 #1: stderr all=off uptime,level,tags

Environment Variables:
JAVA_HOME=C:\Program Files\Java\jdk1.8.0_291
PATH=C:\Program Files\AdoptOpenJDK\jdk-11.0.11.9-hotspot\bin;C:\oraclexe\app\oracle\product\11.2.0\server\bin;C:\Program Files (x86)\Common Files\Oracle\Java\javapath;C:\Windows\system32;C:\Windows;C:\Windows\System32\Wbem;C:\Windows\System32\WindowsPowerShell\v1.0\;C:\Windows\System32\OpenSSH\;C:\Program Files\Java\jdk1.8.0_291\bin;C:\Program Files\Git\cmd;C:\Windows\system32\config\systemprofile\adb-fastboot\platform-tools;;c:\page;C:\Users\user\anaconda3;C:\Users\user\anaconda3\Library\mingw-w64\bin;C:\Users\user\anaconda3\Library\usr\bin;C:\Users\user\anaconda3\Library\bin;C:\Users\user\anaconda3\Scripts;C:\Users\user\AppData\Local\Microsoft\WindowsApps;C:\Program Files\Bandizip\;C:\Users\user\AppData\Local\Programs\Microsoft VS Code\bin;C:\Program Files\JetBrains\PyCharm Community Edition 2021.1.1\bin;;C:\Program Files\JetBrains\PyCharm 2021.1.1\bin;;C:\Program Files\JetBrains\IntelliJ IDEA 2021.1.1\bin;
USERNAME=user
OS=Windows_NT
PROCESSOR_IDENTIFIER=Intel64 Family 6 Model 158 Stepping 9, GenuineIntel



---------------  S Y S T E M  ---------------

OS: Windows 10 , 64 bit Build 19041 (10.0.19041.928)
OS uptime: 1 days 3:55 hours

CPU:total 8 (initial active 8) (4 cores per cpu, 2 threads per core) family 6 model 158 stepping 9 microcode 0xb4, cmov, cx8, fxsr, mmx, sse, sse2, sse3, ssse3, sse4.1, sse4.2, popcnt, avx, avx2, aes, clmul, erms, 3dnowpref, lzcnt, ht, tsc, tscinvbit, bmi1, bmi2, adx, fma

Memory: 4k page, system-wide physical 16265M (3642M free)
TotalPageFile size 16265M (AvailPageFile size 3M)
current process WorkingSet (physical memory assigned to process): 257M, peak: 257M
current process commit charge ("private bytes"): 443M, peak: 444M

vm_info: OpenJDK 64-Bit Server VM (11.0.11+9) for windows-amd64 JRE (11.0.11+9), built on Apr 20 2021 21:22:09 by "" with MS VC++ 15.9 (VS2017)

END.
